[W 23:00:13.111 NotebookApp] WARNING: The notebook server is listening on all IP addresses and not using encryption. This is not recommended.
[W 23:00:13.111 NotebookApp] WARNING: The notebook server is listening on all IP addresses and not using authentication. This is highly insecure and not recommended.
[I 23:00:13.124 NotebookApp] Serving notebooks from local directory: /home/carnd/Google-Street-View-House-Numbers
[I 23:00:13.124 NotebookApp] 0 active kernels 
[I 23:00:13.124 NotebookApp] The Jupyter Notebook is running at: http://[all ip addresses on your system]:8888/
[I 23:00:13.124 NotebookApp] Use Control-C to stop this server and shut down all kernels (twice to skip confirmation).
[W 23:00:13.125 NotebookApp] No web browser found: could not locate runnable browser.
[W 23:01:12.862 NotebookApp] Notebook CNN_SVHN.ipynb is not trusted
[I 23:01:14.589 NotebookApp] Kernel started: 6e4bcfed-9a5b-4bb1-ae11-1f83aa13f888
I tensorflow/stream_executor/dso_loader.cc:128] successfully opened CUDA library libcublas.so locally
I tensorflow/stream_executor/dso_loader.cc:128] successfully opened CUDA library libcudnn.so locally
I tensorflow/stream_executor/dso_loader.cc:128] successfully opened CUDA library libcufft.so locally
I tensorflow/stream_executor/dso_loader.cc:128] successfully opened CUDA library libcuda.so.1 locally
I tensorflow/stream_executor/dso_loader.cc:128] successfully opened CUDA library libcurand.so locally
[I 23:03:19.268 NotebookApp] Saving file at /CNN_SVHN.ipynb
[W 23:03:19.268 NotebookApp] Saving untrusted notebook CNN_SVHN.ipynb
I tensorflow/stream_executor/cuda/cuda_gpu_executor.cc:937] successful NUMA node read from SysFS had negative value (-1), but there must be at least one NUMA node, so returning NUMA node zero
I tensorflow/core/common_runtime/gpu/gpu_device.cc:885] Found device 0 with properties: 
name: GRID K520
major: 3 minor: 0 memoryClockRate (GHz) 0.797
pciBusID 0000:00:03.0
Total memory: 3.94GiB
Free memory: 3.91GiB
I tensorflow/core/common_runtime/gpu/gpu_device.cc:906] DMA: 0 
I tensorflow/core/common_runtime/gpu/gpu_device.cc:916] 0:   Y 
I tensorflow/core/common_runtime/gpu/gpu_device.cc:975] Creating TensorFlow device (/gpu:0) -> (device: 0, name: GRID K520, pci bus id: 0000:00:03.0)
[I 23:05:17.803 NotebookApp] Saving file at /CNN_SVHN.ipynb
[W 23:05:17.804 NotebookApp] Saving untrusted notebook CNN_SVHN.ipynb
[I 23:07:17.765 NotebookApp] Saving file at /CNN_SVHN.ipynb
[W 23:07:17.765 NotebookApp] Saving untrusted notebook CNN_SVHN.ipynb
[I 23:07:27.076 NotebookApp] Kernel interrupted: 6e4bcfed-9a5b-4bb1-ae11-1f83aa13f888
[I 23:09:16.681 NotebookApp] Saving file at /CNN_SVHN.ipynb
[W 23:09:16.682 NotebookApp] Saving untrusted notebook CNN_SVHN.ipynb
[I 23:13:16.197 NotebookApp] Saving file at /CNN_SVHN.ipynb
[W 23:13:16.197 NotebookApp] Saving untrusted notebook CNN_SVHN.ipynb
I tensorflow/core/common_runtime/gpu/gpu_device.cc:975] Creating TensorFlow device (/gpu:0) -> (device: 0, name: GRID K520, pci bus id: 0000:00:03.0)
[I 23:14:50.204 NotebookApp] Kernel interrupted: 6e4bcfed-9a5b-4bb1-ae11-1f83aa13f888
[I 23:15:16.786 NotebookApp] Saving file at /CNN_SVHN.ipynb
[W 23:15:16.787 NotebookApp] Saving untrusted notebook CNN_SVHN.ipynb
[I 23:19:15.928 NotebookApp] Saving file at /CNN_SVHN.ipynb
[W 23:19:15.929 NotebookApp] Saving untrusted notebook CNN_SVHN.ipynb
[I 23:21:15.828 NotebookApp] Saving file at /CNN_SVHN.ipynb
[W 23:21:15.828 NotebookApp] Saving untrusted notebook CNN_SVHN.ipynb
[I 23:23:15.899 NotebookApp] Saving file at /CNN_SVHN.ipynb
[W 23:23:15.899 NotebookApp] Saving untrusted notebook CNN_SVHN.ipynb
I tensorflow/core/common_runtime/gpu/gpu_device.cc:975] Creating TensorFlow device (/gpu:0) -> (device: 0, name: GRID K520, pci bus id: 0000:00:03.0)
[I 23:25:15.954 NotebookApp] Saving file at /CNN_SVHN.ipynb
[W 23:25:15.955 NotebookApp] Saving untrusted notebook CNN_SVHN.ipynb
I tensorflow/core/common_runtime/gpu/gpu_device.cc:975] Creating TensorFlow device (/gpu:0) -> (device: 0, name: GRID K520, pci bus id: 0000:00:03.0)
[I 23:26:44.641 NotebookApp] Kernel interrupted: 6e4bcfed-9a5b-4bb1-ae11-1f83aa13f888
[I 23:27:15.932 NotebookApp] Saving file at /CNN_SVHN.ipynb
[W 23:27:15.932 NotebookApp] Saving untrusted notebook CNN_SVHN.ipynb
[W 23:27:17.261 NotebookApp] Notebook CNN_on_Multi.ipynb is not trusted
[I 23:27:21.258 NotebookApp] Kernel started: a129634c-b56b-4a01-b3e9-b2a7f187d278
I tensorflow/core/common_runtime/gpu/gpu_device.cc:975] Creating TensorFlow device (/gpu:0) -> (device: 0, name: GRID K520, pci bus id: 0000:00:03.0)
[I 23:29:16.252 NotebookApp] Saving file at /CNN_SVHN.ipynb
[W 23:29:16.253 NotebookApp] Saving untrusted notebook CNN_SVHN.ipynb
[I 23:29:24.936 NotebookApp] Saving file at /CNN_on_Multi.ipynb
[W 23:29:24.938 NotebookApp] Saving untrusted notebook CNN_on_Multi.ipynb
[I 23:31:16.740 NotebookApp] Saving file at /CNN_SVHN.ipynb
[W 23:31:16.740 NotebookApp] Saving untrusted notebook CNN_SVHN.ipynb
[I 23:31:47.870 NotebookApp] Kernel interrupted: 6e4bcfed-9a5b-4bb1-ae11-1f83aa13f888
I tensorflow/core/common_runtime/gpu/gpu_device.cc:975] Creating TensorFlow device (/gpu:0) -> (device: 0, name: GRID K520, pci bus id: 0000:00:03.0)
[I 23:33:16.006 NotebookApp] Saving file at /CNN_SVHN.ipynb
[W 23:33:16.006 NotebookApp] Saving untrusted notebook CNN_SVHN.ipynb
[I 23:33:52.148 NotebookApp] Kernel interrupted: 6e4bcfed-9a5b-4bb1-ae11-1f83aa13f888
I tensorflow/core/common_runtime/gpu/gpu_device.cc:975] Creating TensorFlow device (/gpu:0) -> (device: 0, name: GRID K520, pci bus id: 0000:00:03.0)
[I 23:35:13.528 NotebookApp] Kernel interrupted: 6e4bcfed-9a5b-4bb1-ae11-1f83aa13f888
[I 23:35:16.015 NotebookApp] Saving file at /CNN_SVHN.ipynb
[W 23:35:16.016 NotebookApp] Saving untrusted notebook CNN_SVHN.ipynb
I tensorflow/core/common_runtime/gpu/gpu_device.cc:975] Creating TensorFlow device (/gpu:0) -> (device: 0, name: GRID K520, pci bus id: 0000:00:03.0)
[I 23:36:13.833 NotebookApp] Kernel interrupted: 6e4bcfed-9a5b-4bb1-ae11-1f83aa13f888
[I 23:37:15.887 NotebookApp] Saving file at /CNN_SVHN.ipynb
[W 23:37:15.888 NotebookApp] Saving untrusted notebook CNN_SVHN.ipynb
[I 23:37:24.614 NotebookApp] Saving file at /CNN_on_Multi.ipynb
[W 23:37:24.615 NotebookApp] Saving untrusted notebook CNN_on_Multi.ipynb
I tensorflow/stream_executor/dso_loader.cc:128] successfully opened CUDA library libcublas.so locally
I tensorflow/stream_executor/dso_loader.cc:128] successfully opened CUDA library libcudnn.so locally
I tensorflow/stream_executor/dso_loader.cc:128] successfully opened CUDA library libcufft.so locally
I tensorflow/stream_executor/dso_loader.cc:128] successfully opened CUDA library libcuda.so.1 locally
I tensorflow/stream_executor/dso_loader.cc:128] successfully opened CUDA library libcurand.so locally
[I 23:39:25.600 NotebookApp] Saving file at /CNN_on_Multi.ipynb
[W 23:39:25.601 NotebookApp] Saving untrusted notebook CNN_on_Multi.ipynb
[I 23:41:01.088 NotebookApp] Kernel started: 27951e38-2040-44aa-981c-c87ed19a1b50
[I 23:41:24.882 NotebookApp] Saving file at /CNN_on_Multi.ipynb
[W 23:41:24.883 NotebookApp] Saving untrusted notebook CNN_on_Multi.ipynb
[W 23:41:36.647 NotebookApp] Notebook My SVHN Processing.ipynb is not trusted
[I 23:41:38.585 NotebookApp] Kernel started: d7aef982-ab55-4920-8217-edf16415058f
[I 23:42:27.573 NotebookApp] Creating new notebook in 
[I 23:42:30.321 NotebookApp] Kernel started: 4d836595-cb1f-468d-a7df-635a1fe0a739
[I 23:44:31.328 NotebookApp] Saving file at /Untitled.ipynb
I tensorflow/core/common_runtime/gpu/gpu_device.cc:975] Creating TensorFlow device (/gpu:0) -> (device: 0, name: GRID K520, pci bus id: 0000:00:03.0)
[I 23:49:16.100 NotebookApp] Saving file at /CNN_SVHN.ipynb
[W 23:49:16.101 NotebookApp] Saving untrusted notebook CNN_SVHN.ipynb
[I 23:51:16.275 NotebookApp] Saving file at /CNN_SVHN.ipynb
[W 23:51:16.277 NotebookApp] Saving untrusted notebook CNN_SVHN.ipynb
I tensorflow/core/common_runtime/gpu/gpu_device.cc:975] Creating TensorFlow device (/gpu:0) -> (device: 0, name: GRID K520, pci bus id: 0000:00:03.0)
[I 23:52:14.806 NotebookApp] Kernel interrupted: 6e4bcfed-9a5b-4bb1-ae11-1f83aa13f888
I tensorflow/core/common_runtime/gpu/gpu_device.cc:975] Creating TensorFlow device (/gpu:0) -> (device: 0, name: GRID K520, pci bus id: 0000:00:03.0)
[I 23:53:15.896 NotebookApp] Saving file at /CNN_SVHN.ipynb
[W 23:53:15.896 NotebookApp] Saving untrusted notebook CNN_SVHN.ipynb
[I 23:53:42.203 NotebookApp] Kernel interrupted: 6e4bcfed-9a5b-4bb1-ae11-1f83aa13f888
I tensorflow/core/common_runtime/gpu/gpu_device.cc:975] Creating TensorFlow device (/gpu:0) -> (device: 0, name: GRID K520, pci bus id: 0000:00:03.0)
[I 23:55:16.082 NotebookApp] Saving file at /CNN_SVHN.ipynb
[W 23:55:16.082 NotebookApp] Saving untrusted notebook CNN_SVHN.ipynb
[I 23:56:23.832 NotebookApp] Kernel interrupted: 6e4bcfed-9a5b-4bb1-ae11-1f83aa13f888
[I 23:57:16.096 NotebookApp] Saving file at /CNN_SVHN.ipynb
[W 23:57:16.097 NotebookApp] Saving untrusted notebook CNN_SVHN.ipynb
[I 00:03:16.283 NotebookApp] Saving file at /CNN_SVHN.ipynb
[W 00:03:16.286 NotebookApp] Saving untrusted notebook CNN_SVHN.ipynb
[I 00:04:31.585 NotebookApp] Saving file at /Untitled.ipynb
[I 00:05:16.036 NotebookApp] Saving file at /CNN_SVHN.ipynb
[W 00:05:16.037 NotebookApp] Saving untrusted notebook CNN_SVHN.ipynb
[I 00:07:16.151 NotebookApp] Saving file at /CNN_SVHN.ipynb
[W 00:07:16.152 NotebookApp] Saving untrusted notebook CNN_SVHN.ipynb
[I 00:11:16.227 NotebookApp] Saving file at /CNN_SVHN.ipynb
[W 00:11:16.227 NotebookApp] Saving untrusted notebook CNN_SVHN.ipynb
[I 00:13:16.514 NotebookApp] Saving file at /CNN_SVHN.ipynb
[W 00:13:16.514 NotebookApp] Saving untrusted notebook CNN_SVHN.ipynb
I tensorflow/core/common_runtime/gpu/gpu_device.cc:975] Creating TensorFlow device (/gpu:0) -> (device: 0, name: GRID K520, pci bus id: 0000:00:03.0)
W tensorflow/core/framework/op_kernel.cc:975] Invalid argument: Incompatible shapes: [128,11] vs. [128]
	 [[Node: mul = Mul[T=DT_FLOAT, _device="/job:localhost/replica:0/task:0/gpu:0"](add_4, Log)]]
W tensorflow/core/framework/op_kernel.cc:975] Invalid argument: Incompatible shapes: [128,11] vs. [128]
	 [[Node: mul = Mul[T=DT_FLOAT, _device="/job:localhost/replica:0/task:0/gpu:0"](add_4, Log)]]
W tensorflow/core/framework/op_kernel.cc:975] Invalid argument: Incompatible shapes: [128,11] vs. [128]
	 [[Node: mul = Mul[T=DT_FLOAT, _device="/job:localhost/replica:0/task:0/gpu:0"](add_4, Log)]]
W tensorflow/core/framework/op_kernel.cc:975] Invalid argument: Incompatible shapes: [128,11] vs. [128]
	 [[Node: mul = Mul[T=DT_FLOAT, _device="/job:localhost/replica:0/task:0/gpu:0"](add_4, Log)]]
W tensorflow/core/framework/op_kernel.cc:975] Invalid argument: Incompatible shapes: [128,11] vs. [128]
	 [[Node: mul = Mul[T=DT_FLOAT, _device="/job:localhost/replica:0/task:0/gpu:0"](add_4, Log)]]
W tensorflow/core/framework/op_kernel.cc:975] Invalid argument: Incompatible shapes: [128,11] vs. [128]
	 [[Node: mul = Mul[T=DT_FLOAT, _device="/job:localhost/replica:0/task:0/gpu:0"](add_4, Log)]]
W tensorflow/core/framework/op_kernel.cc:975] Invalid argument: Incompatible shapes: [128,11] vs. [128]
	 [[Node: mul = Mul[T=DT_FLOAT, _device="/job:localhost/replica:0/task:0/gpu:0"](add_4, Log)]]
W tensorflow/core/framework/op_kernel.cc:975] Invalid argument: Incompatible shapes: [128,11] vs. [128]
	 [[Node: mul = Mul[T=DT_FLOAT, _device="/job:localhost/replica:0/task:0/gpu:0"](add_4, Log)]]
W tensorflow/core/framework/op_kernel.cc:975] Invalid argument: Incompatible shapes: [128,11] vs. [128]
	 [[Node: mul = Mul[T=DT_FLOAT, _device="/job:localhost/replica:0/task:0/gpu:0"](add_4, Log)]]
W tensorflow/core/framework/op_kernel.cc:975] Invalid argument: Incompatible shapes: [128,11] vs. [128]
	 [[Node: mul = Mul[T=DT_FLOAT, _device="/job:localhost/replica:0/task:0/gpu:0"](add_4, Log)]]
[I 00:15:16.128 NotebookApp] Saving file at /CNN_SVHN.ipynb
[W 00:15:16.129 NotebookApp] Saving untrusted notebook CNN_SVHN.ipynb
[I 00:17:16.336 NotebookApp] Saving file at /CNN_SVHN.ipynb
[W 00:17:16.337 NotebookApp] Saving untrusted notebook CNN_SVHN.ipynb
[I 00:19:16.381 NotebookApp] Saving file at /CNN_SVHN.ipynb
[W 00:19:16.381 NotebookApp] Saving untrusted notebook CNN_SVHN.ipynb
I tensorflow/core/common_runtime/gpu/gpu_device.cc:975] Creating TensorFlow device (/gpu:0) -> (device: 0, name: GRID K520, pci bus id: 0000:00:03.0)
[I 00:21:16.047 NotebookApp] Saving file at /CNN_SVHN.ipynb
[W 00:21:16.048 NotebookApp] Saving untrusted notebook CNN_SVHN.ipynb
[I 00:22:18.862 NotebookApp] Kernel interrupted: 6e4bcfed-9a5b-4bb1-ae11-1f83aa13f888
[I 00:23:16.114 NotebookApp] Saving file at /CNN_SVHN.ipynb
[W 00:23:16.114 NotebookApp] Saving untrusted notebook CNN_SVHN.ipynb
I tensorflow/core/common_runtime/gpu/gpu_device.cc:975] Creating TensorFlow device (/gpu:0) -> (device: 0, name: GRID K520, pci bus id: 0000:00:03.0)
[I 00:25:56.164 NotebookApp] Kernel interrupted: 6e4bcfed-9a5b-4bb1-ae11-1f83aa13f888
I tensorflow/core/common_runtime/gpu/gpu_device.cc:975] Creating TensorFlow device (/gpu:0) -> (device: 0, name: GRID K520, pci bus id: 0000:00:03.0)
[I 00:27:15.991 NotebookApp] Saving file at /CNN_SVHN.ipynb
[W 00:27:15.991 NotebookApp] Saving untrusted notebook CNN_SVHN.ipynb
[I 00:27:18.277 NotebookApp] Kernel interrupted: 6e4bcfed-9a5b-4bb1-ae11-1f83aa13f888
[I 00:27:22.348 NotebookApp] Saving file at /CNN_SVHN.ipynb
[W 00:27:22.348 NotebookApp] Saving untrusted notebook CNN_SVHN.ipynb
[I 00:29:16.061 NotebookApp] Saving file at /CNN_SVHN.ipynb
[W 00:29:16.061 NotebookApp] Saving untrusted notebook CNN_SVHN.ipynb
I tensorflow/core/common_runtime/gpu/gpu_device.cc:975] Creating TensorFlow device (/gpu:0) -> (device: 0, name: GRID K520, pci bus id: 0000:00:03.0)
[I 00:30:47.298 NotebookApp] Kernel interrupted: 6e4bcfed-9a5b-4bb1-ae11-1f83aa13f888
I tensorflow/core/common_runtime/gpu/gpu_device.cc:975] Creating TensorFlow device (/gpu:0) -> (device: 0, name: GRID K520, pci bus id: 0000:00:03.0)
[I 00:31:16.297 NotebookApp] Saving file at /CNN_SVHN.ipynb
[W 00:31:16.298 NotebookApp] Saving untrusted notebook CNN_SVHN.ipynb
[I 00:32:28.705 NotebookApp] Kernel interrupted: 6e4bcfed-9a5b-4bb1-ae11-1f83aa13f888
I tensorflow/core/common_runtime/gpu/gpu_device.cc:975] Creating TensorFlow device (/gpu:0) -> (device: 0, name: GRID K520, pci bus id: 0000:00:03.0)
[I 00:33:16.103 NotebookApp] Saving file at /CNN_SVHN.ipynb
[W 00:33:16.104 NotebookApp] Saving untrusted notebook CNN_SVHN.ipynb
[I 00:35:08.296 NotebookApp] Kernel interrupted: 6e4bcfed-9a5b-4bb1-ae11-1f83aa13f888
[I 00:35:16.152 NotebookApp] Saving file at /CNN_SVHN.ipynb
[W 00:35:16.152 NotebookApp] Saving untrusted notebook CNN_SVHN.ipynb
I tensorflow/core/common_runtime/gpu/gpu_device.cc:975] Creating TensorFlow device (/gpu:0) -> (device: 0, name: GRID K520, pci bus id: 0000:00:03.0)
[I 00:36:18.455 NotebookApp] Kernel interrupted: 6e4bcfed-9a5b-4bb1-ae11-1f83aa13f888
I tensorflow/core/common_runtime/gpu/gpu_device.cc:975] Creating TensorFlow device (/gpu:0) -> (device: 0, name: GRID K520, pci bus id: 0000:00:03.0)
[I 00:37:16.131 NotebookApp] Saving file at /CNN_SVHN.ipynb
[W 00:37:16.131 NotebookApp] Saving untrusted notebook CNN_SVHN.ipynb
[I 00:39:13.374 NotebookApp] Kernel interrupted: 6e4bcfed-9a5b-4bb1-ae11-1f83aa13f888
[I 00:39:16.176 NotebookApp] Saving file at /CNN_SVHN.ipynb
[W 00:39:16.176 NotebookApp] Saving untrusted notebook CNN_SVHN.ipynb
I tensorflow/core/common_runtime/gpu/gpu_device.cc:975] Creating TensorFlow device (/gpu:0) -> (device: 0, name: GRID K520, pci bus id: 0000:00:03.0)
[I 00:40:27.568 NotebookApp] Kernel interrupted: 6e4bcfed-9a5b-4bb1-ae11-1f83aa13f888
[I 00:41:16.190 NotebookApp] Saving file at /CNN_SVHN.ipynb
[W 00:41:16.191 NotebookApp] Saving untrusted notebook CNN_SVHN.ipynb
[I 00:57:16.457 NotebookApp] Saving file at /CNN_SVHN.ipynb
[W 00:57:16.457 NotebookApp] Saving untrusted notebook CNN_SVHN.ipynb
[I 01:05:16.595 NotebookApp] Saving file at /CNN_SVHN.ipynb
[W 01:05:16.595 NotebookApp] Saving untrusted notebook CNN_SVHN.ipynb
I tensorflow/core/common_runtime/gpu/gpu_device.cc:975] Creating TensorFlow device (/gpu:0) -> (device: 0, name: GRID K520, pci bus id: 0000:00:03.0)
[I 01:09:16.246 NotebookApp] Saving file at /CNN_SVHN.ipynb
[W 01:09:16.246 NotebookApp] Saving untrusted notebook CNN_SVHN.ipynb
[I 01:10:31.555 NotebookApp] Kernel interrupted: 6e4bcfed-9a5b-4bb1-ae11-1f83aa13f888
[I 01:11:16.468 NotebookApp] Saving file at /CNN_SVHN.ipynb
[W 01:11:16.469 NotebookApp] Saving untrusted notebook CNN_SVHN.ipynb
[W 02:20:41.132 NotebookApp] Notebook My SVHN Processing.ipynb is not trusted
[I 02:31:18.461 NotebookApp] Saving file at /CNN_SVHN.ipynb
[W 02:31:18.462 NotebookApp] Saving untrusted notebook CNN_SVHN.ipynb
[C 03:11:55.023 NotebookApp] received signal 15, stopping
[I 03:11:55.024 NotebookApp] Shutting down kernels
[I 03:11:55.126 NotebookApp] Kernel shutdown: d7aef982-ab55-4920-8217-edf16415058f
[I 03:11:55.126 NotebookApp] Kernel shutdown: 27951e38-2040-44aa-981c-c87ed19a1b50
[I 03:11:55.127 NotebookApp] Kernel shutdown: 6e4bcfed-9a5b-4bb1-ae11-1f83aa13f888
[I 03:11:55.127 NotebookApp] Kernel shutdown: a129634c-b56b-4a01-b3e9-b2a7f187d278
[I 03:11:55.127 NotebookApp] Kernel shutdown: 4d836595-cb1f-468d-a7df-635a1fe0a739
